open source     > level 1, order 1, name '/usr/share/texmf/tex/context/base/mkiv/cont-yes.mkiv'
system          > 
system          > ConTeXt  ver: 2019.03.21 21:39 MKIV beta  fmt: 2020.7.20  int: english/english
system          > 
system          > 'cont-new.mkiv' loaded
open source     > level 2, order 2, name '/usr/share/texmf/tex/context/base/mkiv/cont-new.mkiv'
system          > beware: some patches loaded from cont-new.mkiv
close source    > level 2, order 2, name '/usr/share/texmf/tex/context/base/mkiv/cont-new.mkiv'
system          > files > jobname 'farmer', input './farmer', result 'farmer'
fonts           > latin modern fonts are not preloaded
languages       > language 'en' is active
open source     > level 2, order 3, name '/nfs/work/code/github/godvmxi.github.io/_site/resume/farmer.tex'
colors          > defining > unknown library 'hex'
fonts           > typescripts > unknown library 'freesans'
fonts           > preloading latin modern fonts (third stage)
fonts           > 'fallback modern-designsize rm 11pt' is loaded
structure       > sectioning > section @ level 3 : 0.0.1 -> Mr.~Jingliang Jiang & Mrs.~FengJiao Li
structure       > sectioning > subsubsubsection @ level 6 : 0.0.1.0.0.1 ->  Profile
structure       > sectioning > subsubsubsection @ level 6 : 0.0.1.0.0.2 ->  Core Qualifications
structure       > sectioning > subsubsubsection @ level 6 : 0.0.1.0.0.3 ->  Education
backend         > xmp > using file '/usr/share/texmf/tex/context/base/mkiv/lpdf-pdx.xml'
pages           > flushing realpage 1, userpage 1, subpage 1
close source    > level 2, order 3, name '/nfs/work/code/github/godvmxi.github.io/_site/resume/farmer.tex'
close source    > level 1, order 3, name '/usr/share/texmf/tex/context/base/mkiv/cont-yes.mkiv'

system          > start used files

system          > text: farmer

system          > stop used files


system          > start used files

system          >    1: filename=char-prv.lua filetype=tex format=tex foundname=/usr/share/texmf/tex/context/base/mkiv/char-prv.lua fullname=/usr/share/texmf/tex/context/base/mkiv/char-prv.lua usedmethod=database
system          >    2: filename=cont-yes.mkiv filetype=tex foundname=/usr/share/texmf/tex/context/base/mkiv/cont-yes.mkiv fullname=/usr/share/texmf/tex/context/base/mkiv/cont-yes.mkiv usedmethod=database
system          >    3: filename=publ-imp-default.lua filetype=lua foundname=/usr/share/texmf/tex/context/base/mkiv/publ-imp-default.lua fullname=/usr/share/texmf/tex/context/base/mkiv/publ-imp-default.lua usedmethod=database
system          >    4: filename=cont-new.mkiv filetype=tex foundname=/usr/share/texmf/tex/context/base/mkiv/cont-new.mkiv fullname=/usr/share/texmf/tex/context/base/mkiv/cont-new.mkiv usedmethod=database
system          >    5: filename=lang-exc.lua filetype=lua foundname=/usr/share/texmf/tex/context/base/mkiv/lang-exc.lua fullname=/usr/share/texmf/tex/context/base/mkiv/lang-exc.lua usedmethod=database
system          >    6: filename=lang-us.lua filetype=lua foundname=/usr/share/texmf/tex/context/patterns/mkiv/lang-us.lua fullname=/usr/share/texmf/tex/context/patterns/mkiv/lang-us.lua usedmethod=database
system          >    7: filename=/nfs/work/code/github/godvmxi.github.io/_site/resume/farmer.tex foundname=/nfs/work/code/github/godvmxi.github.io/_site/resume/farmer.tex fullname=/nfs/work/code/github/godvmxi.github.io/_site/resume/farmer.tex usedmethod=direct
system          >    8: filename=lm.lfg filetype=tex foundname=/usr/share/texmf/tex/context/fonts/mkiv/lm.lfg fullname=/usr/share/texmf/tex/context/fonts/mkiv/lm.lfg usedmethod=database
system          >    9: filename=lmroman10-regular filetype=otf format=otf foundname=/usr/share/texmf/fonts/opentype/public/lm/lmroman10-regular.otf fullname=/usr/share/texmf/fonts/opentype/public/lm/lmroman10-regular.otf usedmethod=database
system          >   10: filename=latinmodern-math.otf filetype=opentypefonts foundname=/usr/share/texmf/fonts/opentype/public/lm-math/latinmodern-math.otf fullname=/usr/share/texmf/fonts/opentype/public/lm-math/latinmodern-math.otf usedmethod=database
system          >   11: filename=lmroman10-bold filetype=otf format=otf foundname=/usr/share/texmf/fonts/opentype/public/lm/lmroman10-bold.otf fullname=/usr/share/texmf/fonts/opentype/public/lm/lmroman10-bold.otf usedmethod=database
system          >   12: filename=pdftex.map filetype=map format=map foundname=/var/lib/texmf/fonts/map/pdftex/updmap/pdftex.map fullname=/var/lib/texmf/fonts/map/pdftex/updmap/pdftex.map usedmethod=database
system          >   13: filename=lpdf-pdx.xml filetype=tex foundname=/usr/share/texmf/tex/context/base/mkiv/lpdf-pdx.xml fullname=/usr/share/texmf/tex/context/base/mkiv/lpdf-pdx.xml usedmethod=database

system          > stop used files


system          > start commandline options

system          > currentrun="3"
system          > fulljobname="./farmer.tex"
system          > input="./farmer.tex"
system          > kindofrun="2"
system          > maxnofruns="9"
system          > texmfbinpath="/usr/bin"

system          > stop commandline options


system          > start commandline files

system          >    1: ./farmer.tex

system          > stop commandline files


modules         > start used modules


modules         > stop used modules


mkiv lua stats  > used config file: /usr/share/texmf/web2c/texmfcnf.lua;/usr/share/texlive/texmf-dist/web2c/texmfcnf.lua
mkiv lua stats  > used cache path: readable: '/var/lib/texmf/luatex-cache/context/b47c3d3cee7cb6c86268d0595268c442' | readable+writable: '/home/jbright/.texlive2019/texmf-var/luatex-cache/context/b47c3d3cee7cb6c86268d0595268c442'
mkiv lua stats  > resource resolver: loadtime 0.012 seconds, 0 scans with scantime 0.000 seconds, 0 shared scans, 13 found files, scanned paths: <none>
mkiv lua stats  > stored bytecode data: 443 modules (0.195 sec), 93 tables (0.010 sec), 536 chunks (0.205 sec)
mkiv lua stats  > traced context: maxstack: 1369, freed: 0, unreachable: 1369
mkiv lua stats  > cleaned up reserved nodes: 62 nodes, 9 lists of 440
mkiv lua stats  > node memory usage: 1 glue, 3 kern, 3 penalty, 14 attribute, 50 glue_spec, 4 attribute_list, 2 temp, 2 user_defined
mkiv lua stats  > node list callback tasks: 8 unique task lists, 7 instances (re)created, 209 calls
mkiv lua stats  > used backend: pdf (backend for directly generating pdf output)
mkiv lua stats  > jobdata time: 0.004 seconds saving, 0.000 seconds loading
mkiv lua stats  > callbacks: internal: 477, file: 274, direct: 2, late: 10, function 706, total: 1469
mkiv lua stats  > randomizer: resumed with value 0.76207674341276
mkiv lua stats  > result saved in file: farmer.pdf, compresslevel 3, objectcompresslevel 1
mkiv lua stats  > loaded patterns: en::1, load time: 0.000
mkiv lua stats  > interactive elements: 2 references, 4 destinations
mkiv lua stats  > loaded fonts: 3 files: latinmodern-math.otf, lmroman10-bold.otf, lmroman10-regular.otf
mkiv lua stats  > font engine: otf 3.107, afm 1.513, tfm 1.000, 10 instances, 5 shared in backend, 3 common vectors, 2 common hashes, load time 0.169 seconds 
mkiv lua stats  > pdf annotations: 2 links (2 unique), 0 special
mkiv lua stats  > used platform: linux-64, type: unix, binary subtree: usr
mkiv lua stats  > used engine: luatex version 1.1 with functionality level 7127, banner: this is luatex, version 1.10.0 (tex live 2019/debian)
mkiv lua stats  > control sequences: 45324 of 65536 + 100000
mkiv lua stats  > lua properties: engine: lua 5.3, used memory: 82 MB (ctx: 82 MB), hash chars: min(64,40), symbol mask: utf (τεχ)
mkiv lua stats  > runtime: 0.441 seconds, 1 processed pages, 1 shipped pages, 2.268 pages/second

