open source     > level 1, order 1, name '/usr/share/texmf/tex/context/base/mkiv/cont-yes.mkiv'
system          > 
system          > ConTeXt  ver: 2019.03.21 21:39 MKIV beta  fmt: 2020.7.20  int: english/english
system          > 
system          > 'cont-new.mkiv' loaded
open source     > level 2, order 2, name '/usr/share/texmf/tex/context/base/mkiv/cont-new.mkiv'
system          > beware: some patches loaded from cont-new.mkiv
close source    > level 2, order 2, name '/usr/share/texmf/tex/context/base/mkiv/cont-new.mkiv'
system          > files > jobname 'it_simple', input './it_simple', result 'it_simple'
fonts           > latin modern fonts are not preloaded
languages       > language 'en' is active
open source     > level 2, order 3, name '/nfs/work/code/github/godvmxi.github.io/_site/resume/it_simple.tex'
colors          > defining > unknown library 'hex'
fonts           > typescripts > unknown library 'freesans'
fonts           > preloading latin modern fonts (third stage)
fonts           > 'fallback modern-designsize rm 11pt' is loaded
structure       > sectioning > section @ level 3 : 0.0.1 -> JingLiang Jiang
structure       > sectioning > subsection @ level 4 : 0.0.1.1 -> About Me
structure       > sectioning > subsection @ level 4 : 0.0.1.2 -> Technology Stack
structure       > sectioning > subsection @ level 4 : 0.0.1.3 -> Working Experience
backend         > xmp > using file '/usr/share/texmf/tex/context/base/mkiv/lpdf-pdx.xml'
pages           > flushing realpage 1, userpage 1, subpage 1
structure       > sectioning > subsection @ level 4 : 0.0.1.4 -> Education
structure       > sectioning > subsection @ level 4 : 0.0.1.5 -> Projects
pages           > flushing realpage 2, userpage 2, subpage 2

Overfull \hbox (0.37483pt too wide) in paragraph at lines 309--314
 <1: lmroman10-regular @ 11.0pt> as Imapx 200/800(pad), Apollo 1/2/x(IPC,SportDV,NVR), Corona 2/3(Game Sta-

\hbox(8.25119+2.7504)x483.69687, glue set - 1.0, direction TLT
.\glue(\leftskip) 91.0488
.<1: lmroman10-regular @ 11.0pt> a
.<1: lmroman10-regular @ 11.0pt> s
.\glue(\spaceskip) 3.66353 plus 1.83177 minus 1.22118
.<1: lmroman10-regular @ 11.0pt> I
.etc.

pages           > flushing realpage 3, userpage 3, subpage 3
pages           > flushing realpage 4, userpage 4, subpage 4
close source    > level 2, order 3, name '/nfs/work/code/github/godvmxi.github.io/_site/resume/it_simple.tex'
close source    > level 1, order 3, name '/usr/share/texmf/tex/context/base/mkiv/cont-yes.mkiv'

system          > start used files

system          > text: it_simple

system          > stop used files


system          > start used files

system          >    1: filename=char-prv.lua filetype=tex format=tex foundname=/usr/share/texmf/tex/context/base/mkiv/char-prv.lua fullname=/usr/share/texmf/tex/context/base/mkiv/char-prv.lua usedmethod=database
system          >    2: filename=cont-yes.mkiv filetype=tex foundname=/usr/share/texmf/tex/context/base/mkiv/cont-yes.mkiv fullname=/usr/share/texmf/tex/context/base/mkiv/cont-yes.mkiv usedmethod=database
system          >    3: filename=publ-imp-default.lua filetype=scripts foundname=/usr/share/texmf/tex/context/base/mkiv/publ-imp-default.lua fullname=/usr/share/texmf/tex/context/base/mkiv/publ-imp-default.lua usedmethod=database
system          >    4: filename=cont-new.mkiv filetype=tex foundname=/usr/share/texmf/tex/context/base/mkiv/cont-new.mkiv fullname=/usr/share/texmf/tex/context/base/mkiv/cont-new.mkiv usedmethod=database
system          >    5: filename=lang-exc.lua filetype=scripts foundname=/usr/share/texmf/tex/context/base/mkiv/lang-exc.lua fullname=/usr/share/texmf/tex/context/base/mkiv/lang-exc.lua usedmethod=database
system          >    6: filename=lang-us.lua filetype=scripts foundname=/usr/share/texmf/tex/context/patterns/mkiv/lang-us.lua fullname=/usr/share/texmf/tex/context/patterns/mkiv/lang-us.lua usedmethod=database
system          >    7: filename=/nfs/work/code/github/godvmxi.github.io/_site/resume/it_simple.tex foundname=/nfs/work/code/github/godvmxi.github.io/_site/resume/it_simple.tex fullname=/nfs/work/code/github/godvmxi.github.io/_site/resume/it_simple.tex usedmethod=direct
system          >    8: filename=lm.lfg filetype=tex foundname=/usr/share/texmf/tex/context/fonts/mkiv/lm.lfg fullname=/usr/share/texmf/tex/context/fonts/mkiv/lm.lfg usedmethod=database
system          >    9: filename=lmroman10-regular filetype=otf format=otf foundname=/usr/share/texmf/fonts/opentype/public/lm/lmroman10-regular.otf fullname=/usr/share/texmf/fonts/opentype/public/lm/lmroman10-regular.otf usedmethod=database
system          >   10: filename=latinmodern-math.otf filetype=opentypefonts foundname=/usr/share/texmf/fonts/opentype/public/lm-math/latinmodern-math.otf fullname=/usr/share/texmf/fonts/opentype/public/lm-math/latinmodern-math.otf usedmethod=database
system          >   11: filename=lmroman10-bold filetype=otf format=otf foundname=/usr/share/texmf/fonts/opentype/public/lm/lmroman10-bold.otf fullname=/usr/share/texmf/fonts/opentype/public/lm/lmroman10-bold.otf usedmethod=database
system          >   12: filename=pdftex.map filetype=map format=map foundname=/var/lib/texmf/fonts/map/pdftex/updmap/pdftex.map fullname=/var/lib/texmf/fonts/map/pdftex/updmap/pdftex.map usedmethod=database
system          >   13: filename=lpdf-pdx.xml filetype=tex foundname=/usr/share/texmf/tex/context/base/mkiv/lpdf-pdx.xml fullname=/usr/share/texmf/tex/context/base/mkiv/lpdf-pdx.xml usedmethod=database
system          >   14: filename=lmromanslant10-regular filetype=otf format=otf foundname=/usr/share/texmf/fonts/opentype/public/lm/lmromanslant10-regular.otf fullname=/usr/share/texmf/fonts/opentype/public/lm/lmromanslant10-regular.otf usedmethod=database

system          > stop used files


system          > start commandline options

system          > currentrun="3"
system          > fulljobname="./it_simple.tex"
system          > input="./it_simple.tex"
system          > kindofrun="2"
system          > maxnofruns="9"
system          > texmfbinpath="/usr/bin"

system          > stop commandline options


system          > start commandline files

system          >    1: ./it_simple.tex

system          > stop commandline files


modules         > start used modules


modules         > stop used modules


mkiv lua stats  > used config file: /usr/share/texmf/web2c/texmfcnf.lua;/usr/share/texlive/texmf-dist/web2c/texmfcnf.lua
mkiv lua stats  > used cache path: readable: '/var/lib/texmf/luatex-cache/context/b47c3d3cee7cb6c86268d0595268c442' | readable+writable: '/home/jbright/.texlive2019/texmf-var/luatex-cache/context/b47c3d3cee7cb6c86268d0595268c442'
mkiv lua stats  > resource resolver: loadtime 0.013 seconds, 0 scans with scantime 0.000 seconds, 0 shared scans, 14 found files, scanned paths: <none>
mkiv lua stats  > stored bytecode data: 443 modules (0.191 sec), 93 tables (0.011 sec), 536 chunks (0.202 sec)
mkiv lua stats  > traced context: maxstack: 1369, freed: 0, unreachable: 1369
mkiv lua stats  > cleaned up reserved nodes: 62 nodes, 9 lists of 440
mkiv lua stats  > node memory usage: 2 glue, 3 kern, 3 penalty, 19 attribute, 50 glue_spec, 5 attribute_list, 2 temp, 2 user_defined
mkiv lua stats  > node list callback tasks: 8 unique task lists, 8 instances (re)created, 1288 calls
mkiv lua stats  > h-node processing time: 0.014 seconds including kernel
mkiv lua stats  > used backend: pdf (backend for directly generating pdf output)
mkiv lua stats  > jobdata time: 0.002 seconds saving, 0.001 seconds loading
mkiv lua stats  > callbacks: internal: 2361, file: 548, direct: 2, late: 45, function 1086, total: 4042 (1347 per page)
mkiv lua stats  > randomizer: resumed with value 0.47141159512103
mkiv lua stats  > result saved in file: it_simple.pdf, compresslevel 3, objectcompresslevel 1
mkiv lua stats  > loaded patterns: en::1, load time: 0.000
mkiv lua stats  > interactive elements: 7 references, 32 destinations
mkiv lua stats  > loaded fonts: 4 files: latinmodern-math.otf, lmroman10-bold.otf, lmroman10-regular.otf, lmromanslant10-regular.otf
mkiv lua stats  > font engine: otf 3.107, afm 1.513, tfm 1.000, 13 instances, 7 shared in backend, 3 common vectors, 4 common hashes, load time 0.189 seconds 
mkiv lua stats  > pdf annotations: 7 links (7 unique), 0 special
mkiv lua stats  > used platform: linux-64, type: unix, binary subtree: usr
mkiv lua stats  > used engine: luatex version 1.1 with functionality level 7127, banner: this is luatex, version 1.10.0 (tex live 2019/debian)
mkiv lua stats  > control sequences: 45342 of 65536 + 100000
mkiv lua stats  > lua properties: engine: lua 5.3, used memory: 89 MB (ctx: 88 MB), hash chars: min(64,40), symbol mask: utf (τεχ)
mkiv lua stats  > runtime: 0.534 seconds, 4 processed pages, 4 shipped pages, 7.491 pages/second

